2025-04-18T14:02:31.176+05:30  INFO 22140 --- [EmployeePayrollApp] [main] c.b.e.EmployeePayrollAppApplication      : Starting EmployeePayrollAppApplication using Java 23.0.2 with PID 22140 (C:\Users\Piyush\OneDrive\Desktop\bridgelabz-workspace\EmployeePayrollApp\target\classes started by Piyush in C:\Users\Piyush\OneDrive\Desktop\bridgelabz-workspace\EmployeePayrollApp)
2025-04-18T14:02:31.180+05:30 DEBUG 22140 --- [EmployeePayrollApp] [main] c.b.e.EmployeePayrollAppApplication      : Running with Spring Boot v3.4.4, Spring v6.2.5
2025-04-18T14:02:31.182+05:30  INFO 22140 --- [EmployeePayrollApp] [main] c.b.e.EmployeePayrollAppApplication      : No active profile set, falling back to 1 default profile: "default"
2025-04-18T14:02:34.969+05:30  WARN 22140 --- [EmployeePayrollApp] [main] c.zaxxer.hikari.util.DriverDataSource    : Registered driver with driverClassName=com.mysql.jdbc.Driver was not found, trying direct instantiation.
2025-04-18T14:02:38.166+05:30  WARN 22140 --- [EmployeePayrollApp] [main] JpaBaseConfiguration$JpaWebConfiguration : spring.jpa.open-in-view is enabled by default. Therefore, database queries may be performed during view rendering. Explicitly configure spring.jpa.open-in-view to disable this warning
2025-04-18T14:02:38.851+05:30  INFO 22140 --- [EmployeePayrollApp] [main] c.b.e.EmployeePayrollAppApplication      : Started EmployeePayrollAppApplication in 8.541 seconds (process running for 9.206)
2025-04-18T14:02:38.856+05:30  INFO 22140 --- [EmployeePayrollApp] [main] c.b.e.EmployeePayrollAppApplication      : Employee Payroll app started
2025-04-18T14:04:30.943+05:30  WARN 22140 --- [EmployeePayrollApp] [http-nio-8080-exec-6] .w.s.m.s.DefaultHandlerExceptionResolver : Resolved [org.springframework.web.HttpRequestMethodNotSupportedException: Request method 'DELETE' is not supported]
2025-04-18T14:04:34.722+05:30  WARN 22140 --- [EmployeePayrollApp] [http-nio-8080-exec-7] .w.s.m.s.DefaultHandlerExceptionResolver : Resolved [org.springframework.web.HttpRequestMethodNotSupportedException: Request method 'DELETE' is not supported]
2025-04-18T14:10:53.226+05:30  INFO 20640 --- [EmployeePayrollApp] [main] c.b.e.EmployeePayrollAppApplication      : Starting EmployeePayrollAppApplication using Java 23.0.2 with PID 20640 (C:\Users\Piyush\OneDrive\Desktop\bridgelabz-workspace\EmployeePayrollApp\target\classes started by Piyush in C:\Users\Piyush\OneDrive\Desktop\bridgelabz-workspace\EmployeePayrollApp)
2025-04-18T14:10:53.229+05:30 DEBUG 20640 --- [EmployeePayrollApp] [main] c.b.e.EmployeePayrollAppApplication      : Running with Spring Boot v3.4.4, Spring v6.2.5
2025-04-18T14:10:53.230+05:30  INFO 20640 --- [EmployeePayrollApp] [main] c.b.e.EmployeePayrollAppApplication      : No active profile set, falling back to 1 default profile: "default"
2025-04-18T14:10:56.750+05:30  WARN 20640 --- [EmployeePayrollApp] [main] c.zaxxer.hikari.util.DriverDataSource    : Registered driver with driverClassName=com.mysql.jdbc.Driver was not found, trying direct instantiation.
2025-04-18T14:11:00.067+05:30  WARN 20640 --- [EmployeePayrollApp] [main] JpaBaseConfiguration$JpaWebConfiguration : spring.jpa.open-in-view is enabled by default. Therefore, database queries may be performed during view rendering. Explicitly configure spring.jpa.open-in-view to disable this warning
2025-04-18T14:11:00.744+05:30  INFO 20640 --- [EmployeePayrollApp] [main] c.b.e.EmployeePayrollAppApplication      : Started EmployeePayrollAppApplication in 8.39 seconds (process running for 9.073)
2025-04-18T14:11:00.754+05:30  INFO 20640 --- [EmployeePayrollApp] [main] c.b.e.EmployeePayrollAppApplication      : Employee Payroll app started
2025-04-18T14:11:24.485+05:30  INFO 13368 --- [EmployeePayrollApp] [main] c.b.e.EmployeePayrollAppApplication      : Starting EmployeePayrollAppApplication using Java 23.0.2 with PID 13368 (C:\Users\Piyush\OneDrive\Desktop\bridgelabz-workspace\EmployeePayrollApp\target\classes started by Piyush in C:\Users\Piyush\OneDrive\Desktop\bridgelabz-workspace\EmployeePayrollApp)
2025-04-18T14:11:24.493+05:30 DEBUG 13368 --- [EmployeePayrollApp] [main] c.b.e.EmployeePayrollAppApplication      : Running with Spring Boot v3.4.4, Spring v6.2.5
2025-04-18T14:11:24.496+05:30  INFO 13368 --- [EmployeePayrollApp] [main] c.b.e.EmployeePayrollAppApplication      : No active profile set, falling back to 1 default profile: "default"
2025-04-18T14:11:28.369+05:30  WARN 13368 --- [EmployeePayrollApp] [main] c.zaxxer.hikari.util.DriverDataSource    : Registered driver with driverClassName=com.mysql.jdbc.Driver was not found, trying direct instantiation.
2025-04-18T14:11:31.183+05:30  WARN 13368 --- [EmployeePayrollApp] [main] JpaBaseConfiguration$JpaWebConfiguration : spring.jpa.open-in-view is enabled by default. Therefore, database queries may be performed during view rendering. Explicitly configure spring.jpa.open-in-view to disable this warning
2025-04-18T14:11:31.833+05:30  INFO 13368 --- [EmployeePayrollApp] [main] c.b.e.EmployeePayrollAppApplication      : Started EmployeePayrollAppApplication in 8.25 seconds (process running for 8.963)
2025-04-18T14:11:31.841+05:30  INFO 13368 --- [EmployeePayrollApp] [main] c.b.e.EmployeePayrollAppApplication      : Employee Payroll app started
2025-04-18T14:12:55.821+05:30  INFO 3452 --- [EmployeePayrollApp] [main] c.b.e.EmployeePayrollAppApplication      : Starting EmployeePayrollAppApplication using Java 23.0.2 with PID 3452 (C:\Users\Piyush\OneDrive\Desktop\bridgelabz-workspace\EmployeePayrollApp\target\classes started by Piyush in C:\Users\Piyush\OneDrive\Desktop\bridgelabz-workspace\EmployeePayrollApp)
2025-04-18T14:12:55.828+05:30 DEBUG 3452 --- [EmployeePayrollApp] [main] c.b.e.EmployeePayrollAppApplication      : Running with Spring Boot v3.4.4, Spring v6.2.5
2025-04-18T14:12:55.829+05:30  INFO 3452 --- [EmployeePayrollApp] [main] c.b.e.EmployeePayrollAppApplication      : No active profile set, falling back to 1 default profile: "default"
2025-04-18T14:12:59.451+05:30  WARN 3452 --- [EmployeePayrollApp] [main] c.zaxxer.hikari.util.DriverDataSource    : Registered driver with driverClassName=com.mysql.jdbc.Driver was not found, trying direct instantiation.
2025-04-18T14:13:01.664+05:30  WARN 3452 --- [EmployeePayrollApp] [main] JpaBaseConfiguration$JpaWebConfiguration : spring.jpa.open-in-view is enabled by default. Therefore, database queries may be performed during view rendering. Explicitly configure spring.jpa.open-in-view to disable this warning
2025-04-18T14:13:02.318+05:30  INFO 3452 --- [EmployeePayrollApp] [main] c.b.e.EmployeePayrollAppApplication      : Started EmployeePayrollAppApplication in 7.374 seconds (process running for 8.102)
2025-04-18T14:13:02.324+05:30  INFO 3452 --- [EmployeePayrollApp] [main] c.b.e.EmployeePayrollAppApplication      : Employee Payroll app started
2025-04-18T14:22:35.323+05:30  INFO 15996 --- [EmployeePayrollApp] [main] c.b.e.EmployeePayrollAppApplication      : Starting EmployeePayrollAppApplication using Java 23.0.2 with PID 15996 (C:\Users\Piyush\OneDrive\Desktop\bridgelabz-workspace\EmployeePayrollApp\target\classes started by Piyush in C:\Users\Piyush\OneDrive\Desktop\bridgelabz-workspace\EmployeePayrollApp)
2025-04-18T14:22:35.328+05:30 DEBUG 15996 --- [EmployeePayrollApp] [main] c.b.e.EmployeePayrollAppApplication      : Running with Spring Boot v3.4.4, Spring v6.2.5
2025-04-18T14:22:35.330+05:30  INFO 15996 --- [EmployeePayrollApp] [main] c.b.e.EmployeePayrollAppApplication      : No active profile set, falling back to 1 default profile: "default"
2025-04-18T14:22:38.759+05:30  WARN 15996 --- [EmployeePayrollApp] [main] c.zaxxer.hikari.util.DriverDataSource    : Registered driver with driverClassName=com.mysql.jdbc.Driver was not found, trying direct instantiation.
2025-04-18T14:22:41.155+05:30  WARN 15996 --- [EmployeePayrollApp] [main] JpaBaseConfiguration$JpaWebConfiguration : spring.jpa.open-in-view is enabled by default. Therefore, database queries may be performed during view rendering. Explicitly configure spring.jpa.open-in-view to disable this warning
2025-04-18T14:22:41.764+05:30  INFO 15996 --- [EmployeePayrollApp] [main] c.b.e.EmployeePayrollAppApplication      : Started EmployeePayrollAppApplication in 7.295 seconds (process running for 7.968)
2025-04-18T14:22:41.805+05:30  INFO 15996 --- [EmployeePayrollApp] [main] c.b.e.EmployeePayrollAppApplication      : Employee Payroll app started in null Environment
2025-04-18T14:23:52.016+05:30  INFO 6484 --- [EmployeePayrollApp] [main] c.b.e.EmployeePayrollAppApplication      : Starting EmployeePayrollAppApplication using Java 23.0.2 with PID 6484 (C:\Users\Piyush\OneDrive\Desktop\bridgelabz-workspace\EmployeePayrollApp\target\classes started by Piyush in C:\Users\Piyush\OneDrive\Desktop\bridgelabz-workspace\EmployeePayrollApp)
2025-04-18T14:23:52.020+05:30 DEBUG 6484 --- [EmployeePayrollApp] [main] c.b.e.EmployeePayrollAppApplication      : Running with Spring Boot v3.4.4, Spring v6.2.5
2025-04-18T14:23:52.022+05:30  INFO 6484 --- [EmployeePayrollApp] [main] c.b.e.EmployeePayrollAppApplication      : No active profile set, falling back to 1 default profile: "default"
2025-04-18T14:23:55.704+05:30  WARN 6484 --- [EmployeePayrollApp] [main] c.zaxxer.hikari.util.DriverDataSource    : Registered driver with driverClassName=com.mysql.jdbc.Driver was not found, trying direct instantiation.
2025-04-18T14:23:58.155+05:30  WARN 6484 --- [EmployeePayrollApp] [main] JpaBaseConfiguration$JpaWebConfiguration : spring.jpa.open-in-view is enabled by default. Therefore, database queries may be performed during view rendering. Explicitly configure spring.jpa.open-in-view to disable this warning
2025-04-18T14:23:58.846+05:30  INFO 6484 --- [EmployeePayrollApp] [main] c.b.e.EmployeePayrollAppApplication      : Started EmployeePayrollAppApplication in 7.698 seconds (process running for 8.327)
2025-04-18T14:23:58.851+05:30  INFO 6484 --- [EmployeePayrollApp] [main] c.b.e.EmployeePayrollAppApplication      : Employee Payroll app started in COMMON Environment
